\BOOKMARK [0][-]{chapter.1}{Inledning}{}% 1
\BOOKMARK [1][-]{section.1.1}{Syfte och m\345l}{chapter.1}% 2
\BOOKMARK [1][-]{section.1.2}{Avgr\344nsningar}{chapter.1}% 3
\BOOKMARK [0][-]{chapter.2}{Backgrund}{}% 4
\BOOKMARK [1][-]{section.2.1}{Existerande Raviolimaskiner}{chapter.2}% 5
\BOOKMARK [1][-]{section.2.2}{Teori}{chapter.2}% 6
\BOOKMARK [2][-]{subsection.2.2.1}{Olika typer av pumpar}{section.2.2}% 7
\BOOKMARK [2][-]{subsection.2.2.2}{Motordriven degform}{section.2.2}% 8
\BOOKMARK [2][-]{subsection.2.2.3}{Styrenhet}{section.2.2}% 9
\BOOKMARK [2][-]{subsection.2.2.4}{kommunikation med anv\344ndaren}{section.2.2}% 10
\BOOKMARK [0][-]{chapter.3}{Metod}{}% 11
\BOOKMARK [1][-]{section.3.1}{Maskinens pump f\366r fyllning}{chapter.3}% 12
\BOOKMARK [1][-]{section.3.2}{Motordriven degform}{chapter.3}% 13
\BOOKMARK [1][-]{section.3.3}{Design av maskin}{chapter.3}% 14
\BOOKMARK [1][-]{section.3.4}{Tillverknings av maskinens delar}{chapter.3}% 15
\BOOKMARK [1][-]{section.3.5}{Sensor}{chapter.3}% 16
\BOOKMARK [2][-]{subsection.3.5.1}{Str\366mavl\344sning}{section.3.5}% 17
\BOOKMARK [2][-]{subsection.3.5.2}{IR-sensor}{section.3.5}% 18
\BOOKMARK [1][-]{section.3.6}{Styrenhet}{chapter.3}% 19
\BOOKMARK [1][-]{section.3.7}{Blockschema}{chapter.3}% 20
\BOOKMARK [1][-]{section.3.8}{Testning}{chapter.3}% 21
\BOOKMARK [0][-]{chapter.4}{Hittlis resultat}{}% 22
\BOOKMARK [1][-]{section.4.1}{Maskinens design}{chapter.4}% 23
\BOOKMARK [1][-]{section.4.2}{Prototyp}{chapter.4}% 24
\BOOKMARK [1][-]{section.4.3}{kommunikation och styrning}{chapter.4}% 25
\BOOKMARK [1][-]{section.4.4}{Val av sensorer}{chapter.4}% 26
\BOOKMARK [1][-]{section.4.5}{Design}{chapter.4}% 27
\BOOKMARK [0][-]{chapter*.2}{Litteraturf\366rteckning}{}% 28
